c:\users\munee\music\repos\project1\project1\debug\vc141.pdb
c:\users\munee\music\repos\project1\project1\debug\myform.obj
c:\users\munee\music\repos\project1\project1\debug\.netframework,version=v4.6.1.assemblyattributes.obj
c:\users\munee\music\repos\project1\project1\debug\.netframework,version=v4.6.1.assemblyattributes.asm
c:\users\munee\music\repos\project1\project1\debug\project1.myform.resources
c:\users\munee\music\repos\project1\project1\debug\project1.vcxproj.generateresource.cache
c:\users\munee\music\repos\project1\debug\project1.pdb
c:\users\munee\music\repos\project1\project1\debug\project1.tlog\cl.command.1.tlog
c:\users\munee\music\repos\project1\project1\debug\project1.tlog\cl.read.1.tlog
c:\users\munee\music\repos\project1\project1\debug\project1.tlog\cl.write.1.tlog
c:\users\munee\music\repos\project1\project1\debug\project1.tlog\link.1724-cvtres.read.1.tlog
c:\users\munee\music\repos\project1\project1\debug\project1.tlog\link.1724-cvtres.write.1.tlog
c:\users\munee\music\repos\project1\project1\debug\project1.tlog\link.1724-rc.read.1.tlog
c:\users\munee\music\repos\project1\project1\debug\project1.tlog\link.1724-rc.write.1.tlog
c:\users\munee\music\repos\project1\project1\debug\project1.tlog\link.1724.read.1.tlog
c:\users\munee\music\repos\project1\project1\debug\project1.tlog\link.1724.write.1.tlog
c:\users\munee\music\repos\project1\project1\debug\project1.tlog\link.command.1.tlog
c:\users\munee\music\repos\project1\project1\debug\project1.tlog\link.read.1.tlog
c:\users\munee\music\repos\project1\project1\debug\project1.tlog\link.write.1.tlog
c:\users\munee\music\repos\project1\project1\debug\project1.tlog\metagen.read.1.tlog
c:\users\munee\music\repos\project1\project1\debug\project1.tlog\metagen.write.1.tlog
c:\users\munee\music\repos\project1\project1\debug\project1.tlog\project1.write.1u.tlog
